<?xml version="1.0" encoding="UTF-8"?>
<!-- Generated by org.testng.reporters.JUnitXMLReporter -->
<testsuite ignored="0" hostname="LAPTOP-SN20H6K6" failures="0" tests="9" name="Default test" time="338.735" errors="0" timestamp="2024-10-24T11:33:53 IST">
  <testcase classname="com.wperest.blooddonor.tests.AutomationPracticeFormTest" name="fillForm" time="40.927"/>
  <testcase classname="com.wperest.blooddonor.tests.AutomationPracticeFormTest" name="fillForm" time="35.774"/>
  <testcase classname="com.wperest.blooddonor.tests.AutomationPracticeFormTest" name="fillForm" time="40.912"/>
  <testcase classname="com.wperest.blooddonor.tests.AutomationPracticeFormTest" name="fillForm" time="30.261"/>
  <testcase classname="com.wperest.blooddonor.tests.AutomationPracticeFormTest" name="fillForm" time="34.665"/>
  <testcase classname="com.wperest.blooddonor.tests.AutomationPracticeFormTest" name="fillForm" time="41.151"/>
  <testcase classname="com.wperest.blooddonor.tests.AutomationPracticeFormTest" name="fillForm" time="31.709"/>
  <testcase classname="com.wperest.blooddonor.tests.AutomationPracticeFormTest" name="fillForm" time="36.291"/>
  <testcase classname="com.wperest.blooddonor.tests.AutomationPracticeFormTest" name="fillForm" time="41.38"/>
</testsuite> <!-- Default test -->
